<?xml version="1.0" encoding="UTF-8"?>
<coverage generated="1600683880496" clover="3.2.0">
	<project timestamp="1600683880496"  name="All Files" >
		<metrics statements="22"  coveredstatements="16"  conditionals="5"  coveredconditionals="3"  methods="7"  coveredmethods="6"  elements="34"  coveredelements="25"  complexity="0"  packages="2"  files="3"  classes="3"  loc="113"  ncloc="113" />
		<package name="src" >
			<metrics statements="3"  coveredstatements="3"  conditionals="0"  coveredconditionals="0"  methods="1"  coveredmethods="1" />
			<file name="App.vue"  path="/Users/helinjiang/vscodeproject/matman-demo-jest/src/App.vue" >
				<metrics statements="0"  coveredstatements="0"  conditionals="0"  coveredconditionals="0"  methods="0"  coveredmethods="0" />
			</file>
			<file name="main.js"  path="/Users/helinjiang/vscodeproject/matman-demo-jest/src/main.js" >
				<metrics statements="3"  coveredstatements="3"  conditionals="0"  coveredconditionals="0"  methods="1"  coveredmethods="1" />
				<line num="4"  count="3"  type="stmt" />
				<line num="6"  count="3"  type="stmt" />
				<line num="7"  count="3"  type="stmt" />
			</file>
		</package>
		<package name="src.components" >
			<metrics statements="19"  coveredstatements="13"  conditionals="5"  coveredconditionals="3"  methods="6"  coveredmethods="5" />
			<file name="HelloVue.vue"  path="/Users/helinjiang/vscodeproject/matman-demo-jest/src/components/HelloVue.vue" >
				<metrics statements="19"  coveredstatements="13"  conditionals="5"  coveredconditionals="3"  methods="6"  coveredmethods="5" />
				<line num="64"  count="3"  type="stmt" />
				<line num="74"  count="3"  type="cond"  truecount="1"  falsecount="1" />
				<line num="75"  count="0"  type="stmt" />
				<line num="76"  count="0"  type="stmt" />
				<line num="79"  count="3"  type="stmt" />
				<line num="80"  count="3"  type="stmt" />
				<line num="81"  count="3"  type="stmt" />
				<line num="84"  count="3"  type="stmt" />
				<line num="87"  count="3"  type="stmt" />
				<line num="88"  count="3"  type="stmt" />
				<line num="89"  count="3"  type="cond"  truecount="2"  falsecount="1" />
				<line num="90"  count="3"  type="stmt" />
				<line num="91"  count="3"  type="stmt" />
				<line num="94"  count="0"  type="stmt" />
				<line num="95"  count="0"  type="stmt" />
				<line num="96"  count="0"  type="stmt" />
				<line num="97"  count="0"  type="stmt" />
				<line num="102"  count="2"  type="stmt" />
				<line num="106"  count="1"  type="stmt" />
			</file>
		</package>
	</project>
</coverage>
