<?xml version="1.0" ?>
<!DOCTYPE coverage SYSTEM "http://cobertura.sourceforge.net/xml/coverage-04.dtd">
<coverage lines-valid="22"  lines-covered="16"  line-rate="0.7273000000000001"  branches-valid="5"  branches-covered="3"  branch-rate="0.6"  timestamp="1600682720207" complexity="0" version="0.1">
<sources>
	<source>/Users/helinjiang/vscodeproject/coverage-istanbul</source>
</sources>
<packages>
	<package name="src"  line-rate="1"  branch-rate="1" >
	<classes>
		<class name="App.vue"  filename="../matman-demo-jest/src/App.vue"  line-rate="1"  branch-rate="1" >
		<methods>
		</methods>
		<lines>
		</lines>
		</class>
		<class name="main.js"  filename="../matman-demo-jest/src/main.js"  line-rate="1"  branch-rate="1" >
		<methods>
			<method name="(anonymous_0)"  hits="3"  signature="()V" >
				<lines><line number="7"  hits="3" /></lines>
			</method>
		</methods>
		<lines>
			<line number="4"  hits="3"  branch="false" />
			<line number="6"  hits="3"  branch="false" />
			<line number="7"  hits="3"  branch="false" />
		</lines>
		</class>
	</classes>
	</package>
	<package name="src.components"  line-rate="0.6842"  branch-rate="0.6" >
	<classes>
		<class name="HelloVue.vue"  filename="../matman-demo-jest/src/components/HelloVue.vue"  line-rate="0.6842"  branch-rate="0.6" >
		<methods>
			<method name="(anonymous_0)"  hits="3"  signature="()V" >
				<lines><line number="63"  hits="3" /></lines>
			</method>
			<method name="(anonymous_1)"  hits="3"  signature="()V" >
				<lines><line number="73"  hits="3" /></lines>
			</method>
			<method name="(anonymous_2)"  hits="3"  signature="()V" >
				<lines><line number="86"  hits="3" /></lines>
			</method>
			<method name="(anonymous_3)"  hits="0"  signature="()V" >
				<lines><line number="93"  hits="0" /></lines>
			</method>
			<method name="(anonymous_4)"  hits="2"  signature="()V" >
				<lines><line number="100"  hits="2" /></lines>
			</method>
			<method name="(anonymous_5)"  hits="1"  signature="()V" >
				<lines><line number="104"  hits="1" /></lines>
			</method>
		</methods>
		<lines>
			<line number="64"  hits="3"  branch="false" />
			<line number="74"  hits="3"  branch="true"  condition-coverage="50% (1/2)" />
			<line number="75"  hits="0"  branch="false" />
			<line number="76"  hits="0"  branch="false" />
			<line number="79"  hits="3"  branch="false" />
			<line number="80"  hits="3"  branch="false" />
			<line number="81"  hits="3"  branch="false" />
			<line number="84"  hits="3"  branch="false" />
			<line number="87"  hits="3"  branch="false" />
			<line number="88"  hits="3"  branch="false" />
			<line number="89"  hits="3"  branch="true"  condition-coverage="66.66666666666666% (2/3)" />
			<line number="90"  hits="3"  branch="false" />
			<line number="91"  hits="3"  branch="false" />
			<line number="94"  hits="0"  branch="false" />
			<line number="95"  hits="0"  branch="false" />
			<line number="96"  hits="0"  branch="false" />
			<line number="97"  hits="0"  branch="false" />
			<line number="102"  hits="2"  branch="false" />
			<line number="106"  hits="1"  branch="false" />
		</lines>
		</class>
	</classes>
	</package>
</packages>
</coverage>
