TN:
SF:/Users/helinjiang/vscodeproject/matman-demo-jest/src/components/HelloVue.vue
FN:63,(anonymous_0)
FN:73,(anonymous_1)
FN:86,(anonymous_2)
FN:93,(anonymous_3)
FN:100,(anonymous_4)
FN:104,(anonymous_5)
FNF:6
FNH:5
FNDA:3,(anonymous_0)
FNDA:3,(anonymous_1)
FNDA:3,(anonymous_2)
FNDA:0,(anonymous_3)
FNDA:2,(anonymous_4)
FNDA:1,(anonymous_5)
DA:64,3
DA:74,3
DA:75,0
DA:76,0
DA:79,3
DA:80,3
DA:81,3
DA:84,3
DA:87,3
DA:88,3
DA:89,3
DA:90,3
DA:91,3
DA:94,0
DA:95,0
DA:96,0
DA:97,0
DA:102,2
DA:106,1
LF:19
LH:13
BRDA:74,0,0,0
BRDA:74,0,1,3
BRDA:89,1,0,3
BRDA:89,1,1,3
BRDA:89,1,2,0
BRF:5
BRH:3
end_of_record
TN:
SF:/Users/helinjiang/vscodeproject/matman-demo-jest/src/App.vue
FNF:0
FNH:0
LF:0
LH:0
BRF:0
BRH:0
end_of_record
TN:
SF:/Users/helinjiang/vscodeproject/matman-demo-jest/src/main.js
FN:7,(anonymous_0)
FNF:1
FNH:1
FNDA:3,(anonymous_0)
DA:4,3
DA:6,3
DA:7,3
LF:3
LH:3
BRF:0
BRH:0
end_of_record
