<?xml version="1.0" encoding="UTF-8"?>
<coverage generated="1600682565141" clover="3.2.0">
	<project timestamp="1600682565141"  name="All Files" >
		<metrics statements="14"  coveredstatements="13"  conditionals="2"  coveredconditionals="2"  methods="6"  coveredmethods="5"  elements="22"  coveredelements="20"  complexity="0"  packages="1"  files="1"  classes="1"  loc="33"  ncloc="33" />
		<package name="src" >
			<metrics statements="14"  coveredstatements="13"  conditionals="2"  coveredconditionals="2"  methods="6"  coveredmethods="5" />
			<file name="sogou.js"  path="/Users/helinjiang/gitprojects/create-matman-app/demo/jest/src/sogou.js" >
				<metrics statements="14"  coveredstatements="13"  conditionals="2"  coveredconditionals="2"  methods="6"  coveredmethods="5" />
				<line num="1"  count="8"  type="stmt" />
				<line num="4"  count="8"  type="stmt" />
				<line num="5"  count="4"  type="stmt" />
				<line num="7"  count="4"  type="stmt" />
				<line num="10"  count="4"  type="stmt" />
				<line num="13"  count="4"  type="cond"  truecount="2"  falsecount="0" />
				<line num="14"  count="3"  type="stmt" />
				<line num="15"  count="3"  type="stmt" />
				<line num="17"  count="1"  type="stmt" />
				<line num="18"  count="1"  type="stmt" />
				<line num="27"  count="0"  type="stmt" />
				<line num="30"  count="8"  type="stmt" />
				<line num="31"  count="8"  type="stmt" />
				<line num="33"  count="8"  type="stmt" />
			</file>
		</package>
	</project>
</coverage>
