<?xml version="1.0" ?>
<!DOCTYPE coverage SYSTEM "http://cobertura.sourceforge.net/xml/coverage-04.dtd">
<coverage lines-valid="14"  lines-covered="13"  line-rate="0.9286"  branches-valid="2"  branches-covered="2"  branch-rate="1"  timestamp="1600682565142" complexity="0" version="0.1">
<sources>
	<source>/Users/helinjiang/vscodeproject/coverage-istanbul</source>
</sources>
<packages>
	<package name="src"  line-rate="0.9286"  branch-rate="1" >
	<classes>
		<class name="sogou.js"  filename="../../gitprojects/create-matman-app/demo/jest/src/sogou.js"  line-rate="0.9286"  branch-rate="1" >
		<methods>
			<method name="bindClickEvent"  hits="8"  signature="()V" >
				<lines><line number="3"  hits="8" /></lines>
			</method>
			<method name="(anonymous_1)"  hits="4"  signature="()V" >
				<lines><line number="4"  hits="4" /></lines>
			</method>
			<method name="(anonymous_2)"  hits="4"  signature="()V" >
				<lines><line number="6"  hits="4" /></lines>
			</method>
			<method name="(anonymous_3)"  hits="4"  signature="()V" >
				<lines><line number="9"  hits="4" /></lines>
			</method>
			<method name="iAmNotCalled"  hits="0"  signature="()V" >
				<lines><line number="25"  hits="0" /></lines>
			</method>
			<method name="(anonymous_5)"  hits="8"  signature="()V" >
				<lines><line number="30"  hits="8" /></lines>
			</method>
		</methods>
		<lines>
			<line number="1"  hits="8"  branch="false" />
			<line number="4"  hits="8"  branch="false" />
			<line number="5"  hits="4"  branch="false" />
			<line number="7"  hits="4"  branch="false" />
			<line number="10"  hits="4"  branch="false" />
			<line number="13"  hits="4"  branch="true"  condition-coverage="100% (2/2)" />
			<line number="14"  hits="3"  branch="false" />
			<line number="15"  hits="3"  branch="false" />
			<line number="17"  hits="1"  branch="false" />
			<line number="18"  hits="1"  branch="false" />
			<line number="27"  hits="0"  branch="false" />
			<line number="30"  hits="8"  branch="false" />
			<line number="31"  hits="8"  branch="false" />
			<line number="33"  hits="8"  branch="false" />
		</lines>
		</class>
	</classes>
	</package>
</packages>
</coverage>
