TN:
SF:/Users/helinjiang/gitprojects/create-matman-app/demo/jest/src/sogou.js
FN:3,bindClickEvent
FN:4,(anonymous_1)
FN:6,(anonymous_2)
FN:9,(anonymous_3)
FN:25,iAmNotCalled
FN:30,(anonymous_5)
FNF:6
FNH:5
FNDA:8,bindClickEvent
FNDA:4,(anonymous_1)
FNDA:4,(anonymous_2)
FNDA:4,(anonymous_3)
FNDA:0,iAmNotCalled
FNDA:8,(anonymous_5)
DA:1,8
DA:4,8
DA:5,4
DA:7,4
DA:10,4
DA:13,4
DA:14,3
DA:15,3
DA:17,1
DA:18,1
DA:27,0
DA:30,8
DA:31,8
DA:33,8
LF:14
LH:13
BRDA:13,0,0,3
BRDA:13,0,1,1
BRF:2
BRH:2
end_of_record
